0 info it worked if it ends with ok
1 verbose cli [ '/home/phuong3030/.nvm/v0.11.14/bin/node',
1 verbose cli   '/home/phuong3030/.nvm/v0.11.14/bin/npm',
1 verbose cli   'install' ]
2 info using npm@2.0.0
3 info using node@v0.11.14
4 error install Couldn't read dependencies
5 verbose stack Error: Invalid name: "Administrator app"
5 verbose stack     at ensureValidName (/home/phuong3030/.nvm/v0.11.14/lib/node_modules/npm/node_modules/normalize-package-data/lib/fixer.js:315:15)
5 verbose stack     at Object.module.exports.fixNameField (/home/phuong3030/.nvm/v0.11.14/lib/node_modules/npm/node_modules/normalize-package-data/lib/fixer.js:204:5)
5 verbose stack     at /home/phuong3030/.nvm/v0.11.14/lib/node_modules/npm/node_modules/normalize-package-data/lib/normalize.js:30:38
5 verbose stack     at Array.forEach (native)
5 verbose stack     at normalize (/home/phuong3030/.nvm/v0.11.14/lib/node_modules/npm/node_modules/normalize-package-data/lib/normalize.js:29:15)
5 verbose stack     at final (/home/phuong3030/.nvm/v0.11.14/lib/node_modules/npm/node_modules/read-package-json/read-json.js:342:33)
5 verbose stack     at then (/home/phuong3030/.nvm/v0.11.14/lib/node_modules/npm/node_modules/read-package-json/read-json.js:126:33)
5 verbose stack     at /home/phuong3030/.nvm/v0.11.14/lib/node_modules/npm/node_modules/read-package-json/read-json.js:316:48
5 verbose stack     at evalmachine.<anonymous>:224:20
5 verbose stack     at OpenReq.Req.done (/home/phuong3030/.nvm/v0.11.14/lib/node_modules/npm/node_modules/graceful-fs/graceful-fs.js:141:5)
6 verbose cwd /home/phuong3030/Documents/foodstore/app/assets
7 error Linux 3.13.0-24-generic
8 error argv "/home/phuong3030/.nvm/v0.11.14/bin/node" "/home/phuong3030/.nvm/v0.11.14/bin/npm" "install"
9 error node v0.11.14
10 error npm  v2.0.0
11 error Invalid name: "Administrator app"
12 error If you need help, you may report this error at:
12 error     <http://github.com/npm/npm/issues>
13 verbose exit [ 1, true ]
